<?xml version="1.0" encoding="UTF-8"?>
<!-- Generated by org.testng.reporters.JUnitReportReporter -->
<testsuite skipped="0" hostname="vic-PC" name="NewTest" tests="1" failures="0" timestamp="16 Jan 2018 15:59:57 GMT" time="0.043" errors="0">
  <testcase name="f" time="0.043" classname="NewTest"/>
</testsuite> <!-- NewTest -->
